<?xml version="1.0" encoding="UTF-8"?>
<!-- Generated by org.testng.reporters.JUnitReportReporter -->
<testsuite hostname="DESKTOP-Q6T9RQG" failures="0" tests="3" name="com.jenkinsss.jen.testclass1_Test" time="16.152" errors="0" timestamp="2024-12-04T15:11:05 IST" skipped="0">
  <testcase classname="com.jenkinsss.jen.testclass1_Test" name="Test2" time="6.578"/>
  <testcase classname="com.jenkinsss.jen.testclass1_Test" name="Test3" time="4.571"/>
  <testcase classname="com.jenkinsss.jen.testclass1_Test" name="Test1" time="5.003"/>
</testsuite> <!-- com.jenkinsss.jen.testclass1_Test -->
