<?xml version="1.0" encoding="UTF-8"?>
<!-- Generated by org.testng.reporters.JUnitReportReporter -->
<testsuite hostname="DESKTOP-Q6T9RQG" failures="0" tests="3" name="com.jenkinsss.jen.testclass1" time="19.354" errors="0" timestamp="2024-12-04T15:04:56 IST" skipped="0">
  <testcase classname="com.jenkinsss.jen.testclass1" name="Test2" time="9.294"/>
  <testcase classname="com.jenkinsss.jen.testclass1" name="Test3" time="4.935"/>
  <testcase classname="com.jenkinsss.jen.testclass1" name="Test1" time="5.125"/>
</testsuite> <!-- com.jenkinsss.jen.testclass1 -->
