<?xml version="1.0" encoding="UTF-8"?>
<!-- Generated by org.testng.reporters.JUnitReportReporter -->
<testsuite hostname="DESKTOP-Q6T9RQG" failures="0" tests="3" name="com.jenkinsss.jen.TestClass1_Test" time="9.187" errors="0" timestamp="2024-12-04T15:56:08 IST" skipped="0">
  <testcase classname="com.jenkinsss.jen.TestClass1_Test" name="test3" time="2.796"/>
  <testcase classname="com.jenkinsss.jen.TestClass1_Test" name="test2" time="3.973"/>
  <testcase classname="com.jenkinsss.jen.TestClass1_Test" name="test1" time="2.418"/>
</testsuite> <!-- com.jenkinsss.jen.TestClass1_Test -->
